  Source.cpp
c:\users\алеся\documents\visual studio 2015\projects\filesystem\filesystem\source.cpp(53): warning C4018: <: несоответствие типов со знаком и без знака
c:\users\алеся\documents\visual studio 2015\projects\filesystem\filesystem\source.cpp(82): warning C4018: <: несоответствие типов со знаком и без знака
c:\users\алеся\documents\visual studio 2015\projects\filesystem\filesystem\source.cpp(94): warning C4018: <: несоответствие типов со знаком и без знака
c:\users\алеся\documents\visual studio 2015\projects\filesystem\filesystem\source.cpp(122): warning C4018: <: несоответствие типов со знаком и без знака
c:\users\алеся\documents\visual studio 2015\projects\filesystem\filesystem\source.cpp(125): warning C4018: <: несоответствие типов со знаком и без знака
c:\users\алеся\documents\visual studio 2015\projects\filesystem\filesystem\source.cpp(129): warning C4018: <: несоответствие типов со знаком и без знака
c:\users\алеся\documents\visual studio 2015\projects\filesystem\filesystem\source.cpp(141): warning C4018: <: несоответствие типов со знаком и без знака
c:\users\алеся\documents\visual studio 2015\projects\filesystem\filesystem\source.cpp(156): warning C4018: <: несоответствие типов со знаком и без знака
c:\users\алеся\documents\visual studio 2015\projects\filesystem\filesystem\source.cpp(161): warning C4018: <: несоответствие типов со знаком и без знака
c:\users\алеся\documents\visual studio 2015\projects\filesystem\filesystem\source.cpp(165): warning C4018: <: несоответствие типов со знаком и без знака
c:\users\алеся\documents\visual studio 2015\projects\filesystem\filesystem\source.cpp(169): warning C4018: <: несоответствие типов со знаком и без знака
c:\users\алеся\documents\visual studio 2015\projects\filesystem\filesystem\source.cpp(180): warning C4018: <: несоответствие типов со знаком и без знака
c:\users\алеся\documents\visual studio 2015\projects\filesystem\filesystem\source.cpp(198): warning C4018: <: несоответствие типов со знаком и без знака
c:\users\алеся\documents\visual studio 2015\projects\filesystem\filesystem\source.cpp(200): warning C4018: <: несоответствие типов со знаком и без знака
c:\users\алеся\documents\visual studio 2015\projects\filesystem\filesystem\source.cpp(215): warning C4018: <: несоответствие типов со знаком и без знака
c:\users\алеся\documents\visual studio 2015\projects\filesystem\filesystem\source.cpp(224): warning C4018: <: несоответствие типов со знаком и без знака
c:\users\алеся\documents\visual studio 2015\projects\filesystem\filesystem\source.cpp(241): warning C4018: <: несоответствие типов со знаком и без знака
c:\users\алеся\documents\visual studio 2015\projects\filesystem\filesystem\source.cpp(243): warning C4018: <: несоответствие типов со знаком и без знака
c:\users\алеся\documents\visual studio 2015\projects\filesystem\filesystem\source.cpp(250): warning C4018: <: несоответствие типов со знаком и без знака
c:\users\алеся\documents\visual studio 2015\projects\filesystem\filesystem\source.cpp(267): warning C4018: <: несоответствие типов со знаком и без знака
c:\users\алеся\documents\visual studio 2015\projects\filesystem\filesystem\source.cpp(269): warning C4018: <: несоответствие типов со знаком и без знака
c:\users\алеся\documents\visual studio 2015\projects\filesystem\filesystem\source.cpp(277): warning C4018: <: несоответствие типов со знаком и без знака
c:\users\алеся\documents\visual studio 2015\projects\filesystem\filesystem\source.cpp(320): warning C4018: <: несоответствие типов со знаком и без знака
c:\users\алеся\documents\visual studio 2015\projects\filesystem\filesystem\source.cpp(345): warning C4018: <: несоответствие типов со знаком и без знака
c:\users\алеся\documents\visual studio 2015\projects\filesystem\filesystem\source.cpp(356): warning C4018: <: несоответствие типов со знаком и без знака
c:\users\алеся\documents\visual studio 2015\projects\filesystem\filesystem\source.cpp(313): warning C4101: f: неиспользованная локальная переменная
  FileSystem.vcxproj -> C:\Users\Алеся\Documents\Visual Studio 2015\Projects\FileSystem\Debug\FileSystem.exe
  FileSystem.vcxproj -> C:\Users\Алеся\Documents\Visual Studio 2015\Projects\FileSystem\Debug\FileSystem.pdb (Partial PDB)
