  Source.cpp
Source.cpp(37): warning C4018: <: несоответствие типов со знаком и без знака
Source.cpp(49): warning C4018: <: несоответствие типов со знаком и без знака
Source.cpp(51): warning C4018: <: несоответствие типов со знаком и без знака
Source.cpp(53): warning C4018: <: несоответствие типов со знаком и без знака
Source.cpp(74): warning C4018: <: несоответствие типов со знаком и без знака
Source.cpp(101): warning C4018: <: несоответствие типов со знаком и без знака
Source.cpp(104): warning C4018: <: несоответствие типов со знаком и без знака
Source.cpp(108): warning C4018: <: несоответствие типов со знаком и без знака
Source.cpp(111): warning C4018: <: несоответствие типов со знаком и без знака
Source.cpp(124): warning C4018: <: несоответствие типов со знаком и без знака
Source.cpp(127): warning C4018: <: несоответствие типов со знаком и без знака
Source.cpp(143): warning C4018: <: несоответствие типов со знаком и без знака
Source.cpp(148): warning C4018: <: несоответствие типов со знаком и без знака
Source.cpp(152): warning C4018: <: несоответствие типов со знаком и без знака
Source.cpp(156): warning C4018: <: несоответствие типов со знаком и без знака
Source.cpp(159): warning C4018: <: несоответствие типов со знаком и без знака
Source.cpp(171): warning C4018: <: несоответствие типов со знаком и без знака
Source.cpp(174): warning C4018: <: несоответствие типов со знаком и без знака
Source.cpp(194): warning C4018: <: несоответствие типов со знаком и без знака
Source.cpp(196): warning C4018: <: несоответствие типов со знаком и без знака
Source.cpp(198): warning C4018: <: несоответствие типов со знаком и без знака
Source.cpp(214): warning C4018: <: несоответствие типов со знаком и без знака
Source.cpp(221): warning C4018: <: несоответствие типов со знаком и без знака
Source.cpp(231): warning C4018: <: несоответствие типов со знаком и без знака
Source.cpp(248): warning C4018: <: несоответствие типов со знаком и без знака
Source.cpp(250): warning C4018: <: несоответствие типов со знаком и без знака
Source.cpp(258): warning C4018: <: несоответствие типов со знаком и без знака
Source.cpp(276): warning C4018: <: несоответствие типов со знаком и без знака
Source.cpp(278): warning C4018: <: несоответствие типов со знаком и без знака
Source.cpp(286): warning C4018: <: несоответствие типов со знаком и без знака
Source.cpp(322): warning C4018: <: несоответствие типов со знаком и без знака
Source.cpp(351): warning C4018: <: несоответствие типов со знаком и без знака
Source.cpp(362): warning C4018: <: несоответствие типов со знаком и без знака
Source.cpp(417): warning C4018: <: несоответствие типов со знаком и без знака
Source.cpp(423): warning C4018: <: несоответствие типов со знаком и без знака
Source.cpp(428): warning C4018: <: несоответствие типов со знаком и без знака
Source.cpp(315): warning C4101: infile: неиспользованная локальная переменная
Source.cpp(314): warning C4101: outfile: неиспользованная локальная переменная
  Создание кода
  2 of 926 functions ( 0.2%) were compiled, the rest were copied from previous compilation.
    0 functions were new in current compilation
    2 functions had inline decision re-evaluated but remain unchanged
  Создание кода завершено
  FileSystem.vcxproj -> C:\Users\Алеся\Documents\Visual Studio 2015\Projects\FileSystem\Release\FileSystem.exe
  FileSystem.vcxproj -> C:\Users\Алеся\Documents\Visual Studio 2015\Projects\FileSystem\Release\FileSystem.pdb (Full PDB)
